<?xml version="1.0" encoding="UTF-8"?>
<!-- Generated by org.testng.reporters.JUnitReportReporter -->
<testsuite skipped="0" hostname="Vishnus-MacBook-Pro.local" name="Test3" tests="1" failures="0" timestamp="07 Mar 2019 23:55:47 GMT" time="0.000" errors="0">
  <testcase name="test" time="0.000" classname="Test3"/>
</testsuite> <!-- Test3 -->
